[1st May 2023 12:00 am] Processing request with following params : 
URL: https://wpmudev.com/api/blc/v1/scan?domain=www.assortedexplorations.com/outdoors&site_id=3043486 
Args:array (
  'headers' => 
  array (
    'Authorization' => '6c5d28a21ac882f91bab40502439a27449ec30b5',
  ),
  'body' => '[]',
) 
[1st May 2023 11:00 pm] Processing request with following params : 
URL: https://wpmudev.com/api/blc/v1/scan?domain=www.assortedexplorations.com/outdoors&site_id=3043486 
Args:array (
  'headers' => 
  array (
    'Authorization' => '6c5d28a21ac882f91bab40502439a27449ec30b5',
  ),
  'body' => '[]',
) 
[1st May 2023 11:10 pm] Processing request with following params : 
URL: https://wpmudev.com/api/blc/v1/scan?domain=www.assortedexplorations.com/outdoors&site_id=3043486 
Args:array (
  'headers' => 
  array (
    'Authorization' => '6c5d28a21ac882f91bab40502439a27449ec30b5',
  ),
  'body' => '[]',
) 
[1st May 2023 11:20 pm] Processing request with following params : 
URL: https://wpmudev.com/api/blc/v1/scan?domain=www.assortedexplorations.com/outdoors&site_id=3043486 
Args:array (
  'headers' => 
  array (
    'Authorization' => '6c5d28a21ac882f91bab40502439a27449ec30b5',
  ),
  'body' => '[]',
) 
[1st May 2023 11:30 pm] Processing request with following params : 
URL: https://wpmudev.com/api/blc/v1/scan?domain=www.assortedexplorations.com/outdoors&site_id=3043486 
Args:array (
  'headers' => 
  array (
    'Authorization' => '6c5d28a21ac882f91bab40502439a27449ec30b5',
  ),
  'body' => '[]',
) 
[1st May 2023 11:40 pm] Processing request with following params : 
URL: https://wpmudev.com/api/blc/v1/scan?domain=www.assortedexplorations.com/outdoors&site_id=3043486 
Args:array (
  'headers' => 
  array (
    'Authorization' => '6c5d28a21ac882f91bab40502439a27449ec30b5',
  ),
  'body' => '[]',
) 
[1st May 2023 11:50 pm] Processing request with following params : 
URL: https://wpmudev.com/api/blc/v1/scan?domain=www.assortedexplorations.com/outdoors&site_id=3043486 
Args:array (
  'headers' => 
  array (
    'Authorization' => '6c5d28a21ac882f91bab40502439a27449ec30b5',
  ),
  'body' => '[]',
) 
[2nd May 2023 12:00 am] Processing request with following params : 
URL: https://wpmudev.com/api/blc/v1/scan?domain=www.assortedexplorations.com/outdoors&site_id=3043486 
Args:array (
  'headers' => 
  array (
    'Authorization' => '6c5d28a21ac882f91bab40502439a27449ec30b5',
  ),
  'body' => '[]',
) 
[2nd May 2023 11:00 pm] Processing request with following params : 
URL: https://wpmudev.com/api/blc/v1/scan?domain=www.assortedexplorations.com/outdoors&site_id=3043486 
Args:array (
  'headers' => 
  array (
    'Authorization' => '6c5d28a21ac882f91bab40502439a27449ec30b5',
  ),
  'body' => '[]',
) 
[2nd May 2023 11:10 pm] Processing request with following params : 
URL: https://wpmudev.com/api/blc/v1/scan?domain=www.assortedexplorations.com/outdoors&site_id=3043486 
Args:array (
  'headers' => 
  array (
    'Authorization' => '6c5d28a21ac882f91bab40502439a27449ec30b5',
  ),
  'body' => '[]',
) 
[2nd May 2023 11:20 pm] Processing request with following params : 
URL: https://wpmudev.com/api/blc/v1/scan?domain=www.assortedexplorations.com/outdoors&site_id=3043486 
Args:array (
  'headers' => 
  array (
    'Authorization' => '6c5d28a21ac882f91bab40502439a27449ec30b5',
  ),
  'body' => '[]',
) 
[2nd May 2023 11:30 pm] Processing request with following params : 
URL: https://wpmudev.com/api/blc/v1/scan?domain=www.assortedexplorations.com/outdoors&site_id=3043486 
Args:array (
  'headers' => 
  array (
    'Authorization' => '6c5d28a21ac882f91bab40502439a27449ec30b5',
  ),
  'body' => '[]',
) 
[2nd May 2023 11:40 pm] Processing request with following params : 
URL: https://wpmudev.com/api/blc/v1/scan?domain=www.assortedexplorations.com/outdoors&site_id=3043486 
Args:array (
  'headers' => 
  array (
    'Authorization' => '6c5d28a21ac882f91bab40502439a27449ec30b5',
  ),
  'body' => '[]',
) 
[2nd May 2023 11:50 pm] Processing request with following params : 
URL: https://wpmudev.com/api/blc/v1/scan?domain=www.assortedexplorations.com/outdoors&site_id=3043486 
Args:array (
  'headers' => 
  array (
    'Authorization' => '6c5d28a21ac882f91bab40502439a27449ec30b5',
  ),
  'body' => '[]',
) 
[3rd May 2023 12:00 am] Processing request with following params : 
URL: https://wpmudev.com/api/blc/v1/scan?domain=www.assortedexplorations.com/outdoors&site_id=3043486 
Args:array (
  'headers' => 
  array (
    'Authorization' => '6c5d28a21ac882f91bab40502439a27449ec30b5',
  ),
  'body' => '[]',
) 
[3rd May 2023 11:00 pm] Processing request with following params : 
URL: https://wpmudev.com/api/blc/v1/scan?domain=www.assortedexplorations.com/outdoors&site_id=3043486 
Args:array (
  'headers' => 
  array (
    'Authorization' => '6c5d28a21ac882f91bab40502439a27449ec30b5',
  ),
  'body' => '[]',
) 
[3rd May 2023 11:10 pm] Processing request with following params : 
URL: https://wpmudev.com/api/blc/v1/scan?domain=www.assortedexplorations.com/outdoors&site_id=3043486 
Args:array (
  'headers' => 
  array (
    'Authorization' => '6c5d28a21ac882f91bab40502439a27449ec30b5',
  ),
  'body' => '[]',
) 
[3rd May 2023 11:20 pm] Processing request with following params : 
URL: https://wpmudev.com/api/blc/v1/scan?domain=www.assortedexplorations.com/outdoors&site_id=3043486 
Args:array (
  'headers' => 
  array (
    'Authorization' => '6c5d28a21ac882f91bab40502439a27449ec30b5',
  ),
  'body' => '[]',
) 
[3rd May 2023 11:30 pm] Processing request with following params : 
URL: https://wpmudev.com/api/blc/v1/scan?domain=www.assortedexplorations.com/outdoors&site_id=3043486 
Args:array (
  'headers' => 
  array (
    'Authorization' => '6c5d28a21ac882f91bab40502439a27449ec30b5',
  ),
  'body' => '[]',
) 
[3rd May 2023 11:40 pm] Processing request with following params : 
URL: https://wpmudev.com/api/blc/v1/scan?domain=www.assortedexplorations.com/outdoors&site_id=3043486 
Args:array (
  'headers' => 
  array (
    'Authorization' => '6c5d28a21ac882f91bab40502439a27449ec30b5',
  ),
  'body' => '[]',
) 
[3rd May 2023 11:50 pm] Processing request with following params : 
URL: https://wpmudev.com/api/blc/v1/scan?domain=www.assortedexplorations.com/outdoors&site_id=3043486 
Args:array (
  'headers' => 
  array (
    'Authorization' => '6c5d28a21ac882f91bab40502439a27449ec30b5',
  ),
  'body' => '[]',
) 
[4th May 2023 12:00 am] Processing request with following params : 
URL: https://wpmudev.com/api/blc/v1/scan?domain=www.assortedexplorations.com/outdoors&site_id=3043486 
Args:array (
  'headers' => 
  array (
    'Authorization' => '6c5d28a21ac882f91bab40502439a27449ec30b5',
  ),
  'body' => '[]',
) 
[4th May 2023 11:00 pm] Processing request with following params : 
URL: https://wpmudev.com/api/blc/v1/scan?domain=www.assortedexplorations.com/outdoors&site_id=3043486 
Args:array (
  'headers' => 
  array (
    'Authorization' => '6c5d28a21ac882f91bab40502439a27449ec30b5',
  ),
  'body' => '[]',
) 
[4th May 2023 11:10 pm] Processing request with following params : 
URL: https://wpmudev.com/api/blc/v1/scan?domain=www.assortedexplorations.com/outdoors&site_id=3043486 
Args:array (
  'headers' => 
  array (
    'Authorization' => '6c5d28a21ac882f91bab40502439a27449ec30b5',
  ),
  'body' => '[]',
) 
[4th May 2023 11:20 pm] Processing request with following params : 
URL: https://wpmudev.com/api/blc/v1/scan?domain=www.assortedexplorations.com/outdoors&site_id=3043486 
Args:array (
  'headers' => 
  array (
    'Authorization' => '6c5d28a21ac882f91bab40502439a27449ec30b5',
  ),
  'body' => '[]',
) 
[4th May 2023 11:30 pm] Processing request with following params : 
URL: https://wpmudev.com/api/blc/v1/scan?domain=www.assortedexplorations.com/outdoors&site_id=3043486 
Args:array (
  'headers' => 
  array (
    'Authorization' => '6c5d28a21ac882f91bab40502439a27449ec30b5',
  ),
  'body' => '[]',
) 
[4th May 2023 11:40 pm] Processing request with following params : 
URL: https://wpmudev.com/api/blc/v1/scan?domain=www.assortedexplorations.com/outdoors&site_id=3043486 
Args:array (
  'headers' => 
  array (
    'Authorization' => '6c5d28a21ac882f91bab40502439a27449ec30b5',
  ),
  'body' => '[]',
) 
[4th May 2023 11:50 pm] Processing request with following params : 
URL: https://wpmudev.com/api/blc/v1/scan?domain=www.assortedexplorations.com/outdoors&site_id=3043486 
Args:array (
  'headers' => 
  array (
    'Authorization' => '6c5d28a21ac882f91bab40502439a27449ec30b5',
  ),
  'body' => '[]',
) 
[5th May 2023 12:00 am] Processing request with following params : 
URL: https://wpmudev.com/api/blc/v1/scan?domain=www.assortedexplorations.com/outdoors&site_id=3043486 
Args:array (
  'headers' => 
  array (
    'Authorization' => '6c5d28a21ac882f91bab40502439a27449ec30b5',
  ),
  'body' => '[]',
) 
[5th May 2023 11:00 pm] Processing request with following params : 
URL: https://wpmudev.com/api/blc/v1/scan?domain=www.assortedexplorations.com/outdoors&site_id=3043486 
Args:array (
  'headers' => 
  array (
    'Authorization' => '6c5d28a21ac882f91bab40502439a27449ec30b5',
  ),
  'body' => '[]',
) 
[5th May 2023 11:10 pm] Processing request with following params : 
URL: https://wpmudev.com/api/blc/v1/scan?domain=www.assortedexplorations.com/outdoors&site_id=3043486 
Args:array (
  'headers' => 
  array (
    'Authorization' => '6c5d28a21ac882f91bab40502439a27449ec30b5',
  ),
  'body' => '[]',
) 
[5th May 2023 11:20 pm] Processing request with following params : 
URL: https://wpmudev.com/api/blc/v1/scan?domain=www.assortedexplorations.com/outdoors&site_id=3043486 
Args:array (
  'headers' => 
  array (
    'Authorization' => '6c5d28a21ac882f91bab40502439a27449ec30b5',
  ),
  'body' => '[]',
) 
[5th May 2023 11:30 pm] Processing request with following params : 
URL: https://wpmudev.com/api/blc/v1/scan?domain=www.assortedexplorations.com/outdoors&site_id=3043486 
Args:array (
  'headers' => 
  array (
    'Authorization' => '6c5d28a21ac882f91bab40502439a27449ec30b5',
  ),
  'body' => '[]',
) 
[5th May 2023 11:40 pm] Processing request with following params : 
URL: https://wpmudev.com/api/blc/v1/scan?domain=www.assortedexplorations.com/outdoors&site_id=3043486 
Args:array (
  'headers' => 
  array (
    'Authorization' => '6c5d28a21ac882f91bab40502439a27449ec30b5',
  ),
  'body' => '[]',
) 
[5th May 2023 11:50 pm] Processing request with following params : 
URL: https://wpmudev.com/api/blc/v1/scan?domain=www.assortedexplorations.com/outdoors&site_id=3043486 
Args:array (
  'headers' => 
  array (
    'Authorization' => '6c5d28a21ac882f91bab40502439a27449ec30b5',
  ),
  'body' => '[]',
) 
[6th May 2023 12:00 am] Processing request with following params : 
URL: https://wpmudev.com/api/blc/v1/scan?domain=www.assortedexplorations.com/outdoors&site_id=3043486 
Args:array (
  'headers' => 
  array (
    'Authorization' => '6c5d28a21ac882f91bab40502439a27449ec30b5',
  ),
  'body' => '[]',
) 
[6th May 2023 11:00 pm] Processing request with following params : 
URL: https://wpmudev.com/api/blc/v1/scan?domain=www.assortedexplorations.com/outdoors&site_id=3043486 
Args:array (
  'headers' => 
  array (
    'Authorization' => '6c5d28a21ac882f91bab40502439a27449ec30b5',
  ),
  'body' => '[]',
) 
[6th May 2023 11:10 pm] Processing request with following params : 
URL: https://wpmudev.com/api/blc/v1/scan?domain=www.assortedexplorations.com/outdoors&site_id=3043486 
Args:array (
  'headers' => 
  array (
    'Authorization' => '6c5d28a21ac882f91bab40502439a27449ec30b5',
  ),
  'body' => '[]',
) 
[6th May 2023 11:20 pm] Processing request with following params : 
URL: https://wpmudev.com/api/blc/v1/scan?domain=www.assortedexplorations.com/outdoors&site_id=3043486 
Args:array (
  'headers' => 
  array (
    'Authorization' => '6c5d28a21ac882f91bab40502439a27449ec30b5',
  ),
  'body' => '[]',
) 
[6th May 2023 11:30 pm] Processing request with following params : 
URL: https://wpmudev.com/api/blc/v1/scan?domain=www.assortedexplorations.com/outdoors&site_id=3043486 
Args:array (
  'headers' => 
  array (
    'Authorization' => '6c5d28a21ac882f91bab40502439a27449ec30b5',
  ),
  'body' => '[]',
) 
[6th May 2023 11:40 pm] Processing request with following params : 
URL: https://wpmudev.com/api/blc/v1/scan?domain=www.assortedexplorations.com/outdoors&site_id=3043486 
Args:array (
  'headers' => 
  array (
    'Authorization' => '6c5d28a21ac882f91bab40502439a27449ec30b5',
  ),
  'body' => '[]',
) 
[6th May 2023 11:50 pm] Processing request with following params : 
URL: https://wpmudev.com/api/blc/v1/scan?domain=www.assortedexplorations.com/outdoors&site_id=3043486 
Args:array (
  'headers' => 
  array (
    'Authorization' => '6c5d28a21ac882f91bab40502439a27449ec30b5',
  ),
  'body' => '[]',
) 
[7th May 2023 12:00 am] Processing request with following params : 
URL: https://wpmudev.com/api/blc/v1/scan?domain=www.assortedexplorations.com/outdoors&site_id=3043486 
Args:array (
  'headers' => 
  array (
    'Authorization' => '6c5d28a21ac882f91bab40502439a27449ec30b5',
  ),
  'body' => '[]',
) 
[7th May 2023 11:00 pm] Processing request with following params : 
URL: https://wpmudev.com/api/blc/v1/scan?domain=www.assortedexplorations.com/outdoors&site_id=3043486 
Args:array (
  'headers' => 
  array (
    'Authorization' => '6c5d28a21ac882f91bab40502439a27449ec30b5',
  ),
  'body' => '[]',
) 
[7th May 2023 11:10 pm] Processing request with following params : 
URL: https://wpmudev.com/api/blc/v1/scan?domain=www.assortedexplorations.com/outdoors&site_id=3043486 
Args:array (
  'headers' => 
  array (
    'Authorization' => '6c5d28a21ac882f91bab40502439a27449ec30b5',
  ),
  'body' => '[]',
) 
[7th May 2023 11:20 pm] Processing request with following params : 
URL: https://wpmudev.com/api/blc/v1/scan?domain=www.assortedexplorations.com/outdoors&site_id=3043486 
Args:array (
  'headers' => 
  array (
    'Authorization' => '6c5d28a21ac882f91bab40502439a27449ec30b5',
  ),
  'body' => '[]',
) 
[7th May 2023 11:30 pm] Processing request with following params : 
URL: https://wpmudev.com/api/blc/v1/scan?domain=www.assortedexplorations.com/outdoors&site_id=3043486 
Args:array (
  'headers' => 
  array (
    'Authorization' => '6c5d28a21ac882f91bab40502439a27449ec30b5',
  ),
  'body' => '[]',
) 
[7th May 2023 11:40 pm] Processing request with following params : 
URL: https://wpmudev.com/api/blc/v1/scan?domain=www.assortedexplorations.com/outdoors&site_id=3043486 
Args:array (
  'headers' => 
  array (
    'Authorization' => '6c5d28a21ac882f91bab40502439a27449ec30b5',
  ),
  'body' => '[]',
) 
[7th May 2023 11:50 pm] Processing request with following params : 
URL: https://wpmudev.com/api/blc/v1/scan?domain=www.assortedexplorations.com/outdoors&site_id=3043486 
Args:array (
  'headers' => 
  array (
    'Authorization' => '6c5d28a21ac882f91bab40502439a27449ec30b5',
  ),
  'body' => '[]',
) 
[8th May 2023 12:00 am] Processing request with following params : 
URL: https://wpmudev.com/api/blc/v1/scan?domain=www.assortedexplorations.com/outdoors&site_id=3043486 
Args:array (
  'headers' => 
  array (
    'Authorization' => '6c5d28a21ac882f91bab40502439a27449ec30b5',
  ),
  'body' => '[]',
) 
[8th May 2023 11:00 pm] Processing request with following params : 
URL: https://wpmudev.com/api/blc/v1/scan?domain=www.assortedexplorations.com/outdoors&site_id=3043486 
Args:array (
  'headers' => 
  array (
    'Authorization' => '6c5d28a21ac882f91bab40502439a27449ec30b5',
  ),
  'body' => '[]',
) 
[8th May 2023 11:10 pm] Processing request with following params : 
URL: https://wpmudev.com/api/blc/v1/scan?domain=www.assortedexplorations.com/outdoors&site_id=3043486 
Args:array (
  'headers' => 
  array (
    'Authorization' => '6c5d28a21ac882f91bab40502439a27449ec30b5',
  ),
  'body' => '[]',
) 
[8th May 2023 11:20 pm] Processing request with following params : 
URL: https://wpmudev.com/api/blc/v1/scan?domain=www.assortedexplorations.com/outdoors&site_id=3043486 
Args:array (
  'headers' => 
  array (
    'Authorization' => '6c5d28a21ac882f91bab40502439a27449ec30b5',
  ),
  'body' => '[]',
) 
[8th May 2023 11:30 pm] Processing request with following params : 
URL: https://wpmudev.com/api/blc/v1/scan?domain=www.assortedexplorations.com/outdoors&site_id=3043486 
Args:array (
  'headers' => 
  array (
    'Authorization' => '6c5d28a21ac882f91bab40502439a27449ec30b5',
  ),
  'body' => '[]',
) 
[8th May 2023 11:40 pm] Processing request with following params : 
URL: https://wpmudev.com/api/blc/v1/scan?domain=www.assortedexplorations.com/outdoors&site_id=3043486 
Args:array (
  'headers' => 
  array (
    'Authorization' => '6c5d28a21ac882f91bab40502439a27449ec30b5',
  ),
  'body' => '[]',
) 
[8th May 2023 11:50 pm] Processing request with following params : 
URL: https://wpmudev.com/api/blc/v1/scan?domain=www.assortedexplorations.com/outdoors&site_id=3043486 
Args:array (
  'headers' => 
  array (
    'Authorization' => '6c5d28a21ac882f91bab40502439a27449ec30b5',
  ),
  'body' => '[]',
) 
[9th May 2023 12:00 am] Processing request with following params : 
URL: https://wpmudev.com/api/blc/v1/scan?domain=www.assortedexplorations.com/outdoors&site_id=3043486 
Args:array (
  'headers' => 
  array (
    'Authorization' => '6c5d28a21ac882f91bab40502439a27449ec30b5',
  ),
  'body' => '[]',
) 
[9th May 2023 11:00 pm] Processing request with following params : 
URL: https://wpmudev.com/api/blc/v1/scan?domain=www.assortedexplorations.com/outdoors&site_id=3043486 
Args:array (
  'headers' => 
  array (
    'Authorization' => '6c5d28a21ac882f91bab40502439a27449ec30b5',
  ),
  'body' => '[]',
) 
[9th May 2023 11:10 pm] Processing request with following params : 
URL: https://wpmudev.com/api/blc/v1/scan?domain=www.assortedexplorations.com/outdoors&site_id=3043486 
Args:array (
  'headers' => 
  array (
    'Authorization' => '6c5d28a21ac882f91bab40502439a27449ec30b5',
  ),
  'body' => '[]',
) 
[9th May 2023 11:20 pm] Processing request with following params : 
URL: https://wpmudev.com/api/blc/v1/scan?domain=www.assortedexplorations.com/outdoors&site_id=3043486 
Args:array (
  'headers' => 
  array (
    'Authorization' => '6c5d28a21ac882f91bab40502439a27449ec30b5',
  ),
  'body' => '[]',
) 
[9th May 2023 11:30 pm] Processing request with following params : 
URL: https://wpmudev.com/api/blc/v1/scan?domain=www.assortedexplorations.com/outdoors&site_id=3043486 
Args:array (
  'headers' => 
  array (
    'Authorization' => '6c5d28a21ac882f91bab40502439a27449ec30b5',
  ),
  'body' => '[]',
) 
[9th May 2023 11:40 pm] Processing request with following params : 
URL: https://wpmudev.com/api/blc/v1/scan?domain=www.assortedexplorations.com/outdoors&site_id=3043486 
Args:array (
  'headers' => 
  array (
    'Authorization' => '6c5d28a21ac882f91bab40502439a27449ec30b5',
  ),
  'body' => '[]',
) 
[9th May 2023 11:50 pm] Processing request with following params : 
URL: https://wpmudev.com/api/blc/v1/scan?domain=www.assortedexplorations.com/outdoors&site_id=3043486 
Args:array (
  'headers' => 
  array (
    'Authorization' => '6c5d28a21ac882f91bab40502439a27449ec30b5',
  ),
  'body' => '[]',
) 
[10th May 2023 12:00 am] Processing request with following params : 
URL: https://wpmudev.com/api/blc/v1/scan?domain=www.assortedexplorations.com/outdoors&site_id=3043486 
Args:array (
  'headers' => 
  array (
    'Authorization' => '6c5d28a21ac882f91bab40502439a27449ec30b5',
  ),
  'body' => '[]',
) 
[10th May 2023 12:49 pm] Sync request started. 
[10th May 2023 12:49 pm] Processing request with following params : 
URL: https://wpmudev.com/api/blc/v1/result?domain=www.assortedexplorations.com/outdoors&site_id=3043486 
Args:array (
  'headers' => 
  array (
    'Authorization' => '6c5d28a21ac882f91bab40502439a27449ec30b5',
  ),
  'body' => '[]',
) 
