[1st April 2023 12:00 am] Processing request with following params : 
URL: https://wpmudev.com/api/blc/v1/scan?domain=www.assortedexplorations.com/outdoors&site_id=3043486 
Args:array (
  'headers' => 
  array (
    'Authorization' => '6c5d28a21ac882f91bab40502439a27449ec30b5',
  ),
  'body' => '[]',
) 
[1st April 2023 11:00 pm] Processing request with following params : 
URL: https://wpmudev.com/api/blc/v1/scan?domain=www.assortedexplorations.com/outdoors&site_id=3043486 
Args:array (
  'headers' => 
  array (
    'Authorization' => '6c5d28a21ac882f91bab40502439a27449ec30b5',
  ),
  'body' => '[]',
) 
[1st April 2023 11:10 pm] Processing request with following params : 
URL: https://wpmudev.com/api/blc/v1/scan?domain=www.assortedexplorations.com/outdoors&site_id=3043486 
Args:array (
  'headers' => 
  array (
    'Authorization' => '6c5d28a21ac882f91bab40502439a27449ec30b5',
  ),
  'body' => '[]',
) 
[1st April 2023 11:20 pm] Processing request with following params : 
URL: https://wpmudev.com/api/blc/v1/scan?domain=www.assortedexplorations.com/outdoors&site_id=3043486 
Args:array (
  'headers' => 
  array (
    'Authorization' => '6c5d28a21ac882f91bab40502439a27449ec30b5',
  ),
  'body' => '[]',
) 
[1st April 2023 11:30 pm] Processing request with following params : 
URL: https://wpmudev.com/api/blc/v1/scan?domain=www.assortedexplorations.com/outdoors&site_id=3043486 
Args:array (
  'headers' => 
  array (
    'Authorization' => '6c5d28a21ac882f91bab40502439a27449ec30b5',
  ),
  'body' => '[]',
) 
[1st April 2023 11:40 pm] Processing request with following params : 
URL: https://wpmudev.com/api/blc/v1/scan?domain=www.assortedexplorations.com/outdoors&site_id=3043486 
Args:array (
  'headers' => 
  array (
    'Authorization' => '6c5d28a21ac882f91bab40502439a27449ec30b5',
  ),
  'body' => '[]',
) 
[1st April 2023 11:50 pm] Processing request with following params : 
URL: https://wpmudev.com/api/blc/v1/scan?domain=www.assortedexplorations.com/outdoors&site_id=3043486 
Args:array (
  'headers' => 
  array (
    'Authorization' => '6c5d28a21ac882f91bab40502439a27449ec30b5',
  ),
  'body' => '[]',
) 
[2nd April 2023 12:00 am] Processing request with following params : 
URL: https://wpmudev.com/api/blc/v1/scan?domain=www.assortedexplorations.com/outdoors&site_id=3043486 
Args:array (
  'headers' => 
  array (
    'Authorization' => '6c5d28a21ac882f91bab40502439a27449ec30b5',
  ),
  'body' => '[]',
) 
[2nd April 2023 11:00 pm] Processing request with following params : 
URL: https://wpmudev.com/api/blc/v1/scan?domain=www.assortedexplorations.com/outdoors&site_id=3043486 
Args:array (
  'headers' => 
  array (
    'Authorization' => '6c5d28a21ac882f91bab40502439a27449ec30b5',
  ),
  'body' => '[]',
) 
[2nd April 2023 11:10 pm] Processing request with following params : 
URL: https://wpmudev.com/api/blc/v1/scan?domain=www.assortedexplorations.com/outdoors&site_id=3043486 
Args:array (
  'headers' => 
  array (
    'Authorization' => '6c5d28a21ac882f91bab40502439a27449ec30b5',
  ),
  'body' => '[]',
) 
[2nd April 2023 11:20 pm] Processing request with following params : 
URL: https://wpmudev.com/api/blc/v1/scan?domain=www.assortedexplorations.com/outdoors&site_id=3043486 
Args:array (
  'headers' => 
  array (
    'Authorization' => '6c5d28a21ac882f91bab40502439a27449ec30b5',
  ),
  'body' => '[]',
) 
[2nd April 2023 11:30 pm] Processing request with following params : 
URL: https://wpmudev.com/api/blc/v1/scan?domain=www.assortedexplorations.com/outdoors&site_id=3043486 
Args:array (
  'headers' => 
  array (
    'Authorization' => '6c5d28a21ac882f91bab40502439a27449ec30b5',
  ),
  'body' => '[]',
) 
[2nd April 2023 11:40 pm] Processing request with following params : 
URL: https://wpmudev.com/api/blc/v1/scan?domain=www.assortedexplorations.com/outdoors&site_id=3043486 
Args:array (
  'headers' => 
  array (
    'Authorization' => '6c5d28a21ac882f91bab40502439a27449ec30b5',
  ),
  'body' => '[]',
) 
[2nd April 2023 11:50 pm] Processing request with following params : 
URL: https://wpmudev.com/api/blc/v1/scan?domain=www.assortedexplorations.com/outdoors&site_id=3043486 
Args:array (
  'headers' => 
  array (
    'Authorization' => '6c5d28a21ac882f91bab40502439a27449ec30b5',
  ),
  'body' => '[]',
) 
[3rd April 2023 12:00 am] Processing request with following params : 
URL: https://wpmudev.com/api/blc/v1/scan?domain=www.assortedexplorations.com/outdoors&site_id=3043486 
Args:array (
  'headers' => 
  array (
    'Authorization' => '6c5d28a21ac882f91bab40502439a27449ec30b5',
  ),
  'body' => '[]',
) 
[3rd April 2023 11:00 pm] Processing request with following params : 
URL: https://wpmudev.com/api/blc/v1/scan?domain=www.assortedexplorations.com/outdoors&site_id=3043486 
Args:array (
  'headers' => 
  array (
    'Authorization' => '6c5d28a21ac882f91bab40502439a27449ec30b5',
  ),
  'body' => '[]',
) 
[3rd April 2023 11:10 pm] Processing request with following params : 
URL: https://wpmudev.com/api/blc/v1/scan?domain=www.assortedexplorations.com/outdoors&site_id=3043486 
Args:array (
  'headers' => 
  array (
    'Authorization' => '6c5d28a21ac882f91bab40502439a27449ec30b5',
  ),
  'body' => '[]',
) 
[3rd April 2023 11:20 pm] Processing request with following params : 
URL: https://wpmudev.com/api/blc/v1/scan?domain=www.assortedexplorations.com/outdoors&site_id=3043486 
Args:array (
  'headers' => 
  array (
    'Authorization' => '6c5d28a21ac882f91bab40502439a27449ec30b5',
  ),
  'body' => '[]',
) 
[3rd April 2023 11:30 pm] Processing request with following params : 
URL: https://wpmudev.com/api/blc/v1/scan?domain=www.assortedexplorations.com/outdoors&site_id=3043486 
Args:array (
  'headers' => 
  array (
    'Authorization' => '6c5d28a21ac882f91bab40502439a27449ec30b5',
  ),
  'body' => '[]',
) 
[3rd April 2023 11:40 pm] Processing request with following params : 
URL: https://wpmudev.com/api/blc/v1/scan?domain=www.assortedexplorations.com/outdoors&site_id=3043486 
Args:array (
  'headers' => 
  array (
    'Authorization' => '6c5d28a21ac882f91bab40502439a27449ec30b5',
  ),
  'body' => '[]',
) 
[3rd April 2023 11:50 pm] Processing request with following params : 
URL: https://wpmudev.com/api/blc/v1/scan?domain=www.assortedexplorations.com/outdoors&site_id=3043486 
Args:array (
  'headers' => 
  array (
    'Authorization' => '6c5d28a21ac882f91bab40502439a27449ec30b5',
  ),
  'body' => '[]',
) 
[4th April 2023 12:00 am] Processing request with following params : 
URL: https://wpmudev.com/api/blc/v1/scan?domain=www.assortedexplorations.com/outdoors&site_id=3043486 
Args:array (
  'headers' => 
  array (
    'Authorization' => '6c5d28a21ac882f91bab40502439a27449ec30b5',
  ),
  'body' => '[]',
) 
[4th April 2023 11:00 pm] Processing request with following params : 
URL: https://wpmudev.com/api/blc/v1/scan?domain=www.assortedexplorations.com/outdoors&site_id=3043486 
Args:array (
  'headers' => 
  array (
    'Authorization' => '6c5d28a21ac882f91bab40502439a27449ec30b5',
  ),
  'body' => '[]',
) 
[4th April 2023 11:10 pm] Processing request with following params : 
URL: https://wpmudev.com/api/blc/v1/scan?domain=www.assortedexplorations.com/outdoors&site_id=3043486 
Args:array (
  'headers' => 
  array (
    'Authorization' => '6c5d28a21ac882f91bab40502439a27449ec30b5',
  ),
  'body' => '[]',
) 
[4th April 2023 11:20 pm] Processing request with following params : 
URL: https://wpmudev.com/api/blc/v1/scan?domain=www.assortedexplorations.com/outdoors&site_id=3043486 
Args:array (
  'headers' => 
  array (
    'Authorization' => '6c5d28a21ac882f91bab40502439a27449ec30b5',
  ),
  'body' => '[]',
) 
[4th April 2023 11:30 pm] Processing request with following params : 
URL: https://wpmudev.com/api/blc/v1/scan?domain=www.assortedexplorations.com/outdoors&site_id=3043486 
Args:array (
  'headers' => 
  array (
    'Authorization' => '6c5d28a21ac882f91bab40502439a27449ec30b5',
  ),
  'body' => '[]',
) 
[4th April 2023 11:40 pm] Processing request with following params : 
URL: https://wpmudev.com/api/blc/v1/scan?domain=www.assortedexplorations.com/outdoors&site_id=3043486 
Args:array (
  'headers' => 
  array (
    'Authorization' => '6c5d28a21ac882f91bab40502439a27449ec30b5',
  ),
  'body' => '[]',
) 
[4th April 2023 11:50 pm] Processing request with following params : 
URL: https://wpmudev.com/api/blc/v1/scan?domain=www.assortedexplorations.com/outdoors&site_id=3043486 
Args:array (
  'headers' => 
  array (
    'Authorization' => '6c5d28a21ac882f91bab40502439a27449ec30b5',
  ),
  'body' => '[]',
) 
[5th April 2023 12:00 am] Processing request with following params : 
URL: https://wpmudev.com/api/blc/v1/scan?domain=www.assortedexplorations.com/outdoors&site_id=3043486 
Args:array (
  'headers' => 
  array (
    'Authorization' => '6c5d28a21ac882f91bab40502439a27449ec30b5',
  ),
  'body' => '[]',
) 
[5th April 2023 11:00 pm] Processing request with following params : 
URL: https://wpmudev.com/api/blc/v1/scan?domain=www.assortedexplorations.com/outdoors&site_id=3043486 
Args:array (
  'headers' => 
  array (
    'Authorization' => '6c5d28a21ac882f91bab40502439a27449ec30b5',
  ),
  'body' => '[]',
) 
[5th April 2023 11:10 pm] Processing request with following params : 
URL: https://wpmudev.com/api/blc/v1/scan?domain=www.assortedexplorations.com/outdoors&site_id=3043486 
Args:array (
  'headers' => 
  array (
    'Authorization' => '6c5d28a21ac882f91bab40502439a27449ec30b5',
  ),
  'body' => '[]',
) 
[5th April 2023 11:20 pm] Processing request with following params : 
URL: https://wpmudev.com/api/blc/v1/scan?domain=www.assortedexplorations.com/outdoors&site_id=3043486 
Args:array (
  'headers' => 
  array (
    'Authorization' => '6c5d28a21ac882f91bab40502439a27449ec30b5',
  ),
  'body' => '[]',
) 
[5th April 2023 11:30 pm] Processing request with following params : 
URL: https://wpmudev.com/api/blc/v1/scan?domain=www.assortedexplorations.com/outdoors&site_id=3043486 
Args:array (
  'headers' => 
  array (
    'Authorization' => '6c5d28a21ac882f91bab40502439a27449ec30b5',
  ),
  'body' => '[]',
) 
[5th April 2023 11:40 pm] Processing request with following params : 
URL: https://wpmudev.com/api/blc/v1/scan?domain=www.assortedexplorations.com/outdoors&site_id=3043486 
Args:array (
  'headers' => 
  array (
    'Authorization' => '6c5d28a21ac882f91bab40502439a27449ec30b5',
  ),
  'body' => '[]',
) 
[5th April 2023 11:50 pm] Processing request with following params : 
URL: https://wpmudev.com/api/blc/v1/scan?domain=www.assortedexplorations.com/outdoors&site_id=3043486 
Args:array (
  'headers' => 
  array (
    'Authorization' => '6c5d28a21ac882f91bab40502439a27449ec30b5',
  ),
  'body' => '[]',
) 
[6th April 2023 12:00 am] Processing request with following params : 
URL: https://wpmudev.com/api/blc/v1/scan?domain=www.assortedexplorations.com/outdoors&site_id=3043486 
Args:array (
  'headers' => 
  array (
    'Authorization' => '6c5d28a21ac882f91bab40502439a27449ec30b5',
  ),
  'body' => '[]',
) 
[6th April 2023 11:00 pm] Processing request with following params : 
URL: https://wpmudev.com/api/blc/v1/scan?domain=www.assortedexplorations.com/outdoors&site_id=3043486 
Args:array (
  'headers' => 
  array (
    'Authorization' => '6c5d28a21ac882f91bab40502439a27449ec30b5',
  ),
  'body' => '[]',
) 
[6th April 2023 11:10 pm] Processing request with following params : 
URL: https://wpmudev.com/api/blc/v1/scan?domain=www.assortedexplorations.com/outdoors&site_id=3043486 
Args:array (
  'headers' => 
  array (
    'Authorization' => '6c5d28a21ac882f91bab40502439a27449ec30b5',
  ),
  'body' => '[]',
) 
[6th April 2023 11:20 pm] Processing request with following params : 
URL: https://wpmudev.com/api/blc/v1/scan?domain=www.assortedexplorations.com/outdoors&site_id=3043486 
Args:array (
  'headers' => 
  array (
    'Authorization' => '6c5d28a21ac882f91bab40502439a27449ec30b5',
  ),
  'body' => '[]',
) 
[6th April 2023 11:30 pm] Processing request with following params : 
URL: https://wpmudev.com/api/blc/v1/scan?domain=www.assortedexplorations.com/outdoors&site_id=3043486 
Args:array (
  'headers' => 
  array (
    'Authorization' => '6c5d28a21ac882f91bab40502439a27449ec30b5',
  ),
  'body' => '[]',
) 
[6th April 2023 11:40 pm] Processing request with following params : 
URL: https://wpmudev.com/api/blc/v1/scan?domain=www.assortedexplorations.com/outdoors&site_id=3043486 
Args:array (
  'headers' => 
  array (
    'Authorization' => '6c5d28a21ac882f91bab40502439a27449ec30b5',
  ),
  'body' => '[]',
) 
[6th April 2023 11:50 pm] Processing request with following params : 
URL: https://wpmudev.com/api/blc/v1/scan?domain=www.assortedexplorations.com/outdoors&site_id=3043486 
Args:array (
  'headers' => 
  array (
    'Authorization' => '6c5d28a21ac882f91bab40502439a27449ec30b5',
  ),
  'body' => '[]',
) 
[7th April 2023 12:00 am] Processing request with following params : 
URL: https://wpmudev.com/api/blc/v1/scan?domain=www.assortedexplorations.com/outdoors&site_id=3043486 
Args:array (
  'headers' => 
  array (
    'Authorization' => '6c5d28a21ac882f91bab40502439a27449ec30b5',
  ),
  'body' => '[]',
) 
[7th April 2023 11:00 pm] Processing request with following params : 
URL: https://wpmudev.com/api/blc/v1/scan?domain=www.assortedexplorations.com/outdoors&site_id=3043486 
Args:array (
  'headers' => 
  array (
    'Authorization' => '6c5d28a21ac882f91bab40502439a27449ec30b5',
  ),
  'body' => '[]',
) 
[7th April 2023 11:10 pm] Processing request with following params : 
URL: https://wpmudev.com/api/blc/v1/scan?domain=www.assortedexplorations.com/outdoors&site_id=3043486 
Args:array (
  'headers' => 
  array (
    'Authorization' => '6c5d28a21ac882f91bab40502439a27449ec30b5',
  ),
  'body' => '[]',
) 
[7th April 2023 11:20 pm] Processing request with following params : 
URL: https://wpmudev.com/api/blc/v1/scan?domain=www.assortedexplorations.com/outdoors&site_id=3043486 
Args:array (
  'headers' => 
  array (
    'Authorization' => '6c5d28a21ac882f91bab40502439a27449ec30b5',
  ),
  'body' => '[]',
) 
[7th April 2023 11:30 pm] Processing request with following params : 
URL: https://wpmudev.com/api/blc/v1/scan?domain=www.assortedexplorations.com/outdoors&site_id=3043486 
Args:array (
  'headers' => 
  array (
    'Authorization' => '6c5d28a21ac882f91bab40502439a27449ec30b5',
  ),
  'body' => '[]',
) 
[7th April 2023 11:40 pm] Processing request with following params : 
URL: https://wpmudev.com/api/blc/v1/scan?domain=www.assortedexplorations.com/outdoors&site_id=3043486 
Args:array (
  'headers' => 
  array (
    'Authorization' => '6c5d28a21ac882f91bab40502439a27449ec30b5',
  ),
  'body' => '[]',
) 
[7th April 2023 11:50 pm] Processing request with following params : 
URL: https://wpmudev.com/api/blc/v1/scan?domain=www.assortedexplorations.com/outdoors&site_id=3043486 
Args:array (
  'headers' => 
  array (
    'Authorization' => '6c5d28a21ac882f91bab40502439a27449ec30b5',
  ),
  'body' => '[]',
) 
[8th April 2023 12:00 am] Processing request with following params : 
URL: https://wpmudev.com/api/blc/v1/scan?domain=www.assortedexplorations.com/outdoors&site_id=3043486 
Args:array (
  'headers' => 
  array (
    'Authorization' => '6c5d28a21ac882f91bab40502439a27449ec30b5',
  ),
  'body' => '[]',
) 
[8th April 2023 11:00 pm] Processing request with following params : 
URL: https://wpmudev.com/api/blc/v1/scan?domain=www.assortedexplorations.com/outdoors&site_id=3043486 
Args:array (
  'headers' => 
  array (
    'Authorization' => '6c5d28a21ac882f91bab40502439a27449ec30b5',
  ),
  'body' => '[]',
) 
[8th April 2023 11:10 pm] Processing request with following params : 
URL: https://wpmudev.com/api/blc/v1/scan?domain=www.assortedexplorations.com/outdoors&site_id=3043486 
Args:array (
  'headers' => 
  array (
    'Authorization' => '6c5d28a21ac882f91bab40502439a27449ec30b5',
  ),
  'body' => '[]',
) 
[8th April 2023 11:20 pm] Processing request with following params : 
URL: https://wpmudev.com/api/blc/v1/scan?domain=www.assortedexplorations.com/outdoors&site_id=3043486 
Args:array (
  'headers' => 
  array (
    'Authorization' => '6c5d28a21ac882f91bab40502439a27449ec30b5',
  ),
  'body' => '[]',
) 
[8th April 2023 11:30 pm] Processing request with following params : 
URL: https://wpmudev.com/api/blc/v1/scan?domain=www.assortedexplorations.com/outdoors&site_id=3043486 
Args:array (
  'headers' => 
  array (
    'Authorization' => '6c5d28a21ac882f91bab40502439a27449ec30b5',
  ),
  'body' => '[]',
) 
[8th April 2023 11:40 pm] Processing request with following params : 
URL: https://wpmudev.com/api/blc/v1/scan?domain=www.assortedexplorations.com/outdoors&site_id=3043486 
Args:array (
  'headers' => 
  array (
    'Authorization' => '6c5d28a21ac882f91bab40502439a27449ec30b5',
  ),
  'body' => '[]',
) 
[8th April 2023 11:50 pm] Processing request with following params : 
URL: https://wpmudev.com/api/blc/v1/scan?domain=www.assortedexplorations.com/outdoors&site_id=3043486 
Args:array (
  'headers' => 
  array (
    'Authorization' => '6c5d28a21ac882f91bab40502439a27449ec30b5',
  ),
  'body' => '[]',
) 
[9th April 2023 12:00 am] Processing request with following params : 
URL: https://wpmudev.com/api/blc/v1/scan?domain=www.assortedexplorations.com/outdoors&site_id=3043486 
Args:array (
  'headers' => 
  array (
    'Authorization' => '6c5d28a21ac882f91bab40502439a27449ec30b5',
  ),
  'body' => '[]',
) 
[9th April 2023 11:00 pm] Processing request with following params : 
URL: https://wpmudev.com/api/blc/v1/scan?domain=www.assortedexplorations.com/outdoors&site_id=3043486 
Args:array (
  'headers' => 
  array (
    'Authorization' => '6c5d28a21ac882f91bab40502439a27449ec30b5',
  ),
  'body' => '[]',
) 
[9th April 2023 11:10 pm] Processing request with following params : 
URL: https://wpmudev.com/api/blc/v1/scan?domain=www.assortedexplorations.com/outdoors&site_id=3043486 
Args:array (
  'headers' => 
  array (
    'Authorization' => '6c5d28a21ac882f91bab40502439a27449ec30b5',
  ),
  'body' => '[]',
) 
[9th April 2023 11:20 pm] Processing request with following params : 
URL: https://wpmudev.com/api/blc/v1/scan?domain=www.assortedexplorations.com/outdoors&site_id=3043486 
Args:array (
  'headers' => 
  array (
    'Authorization' => '6c5d28a21ac882f91bab40502439a27449ec30b5',
  ),
  'body' => '[]',
) 
[9th April 2023 11:30 pm] Processing request with following params : 
URL: https://wpmudev.com/api/blc/v1/scan?domain=www.assortedexplorations.com/outdoors&site_id=3043486 
Args:array (
  'headers' => 
  array (
    'Authorization' => '6c5d28a21ac882f91bab40502439a27449ec30b5',
  ),
  'body' => '[]',
) 
[9th April 2023 11:40 pm] Processing request with following params : 
URL: https://wpmudev.com/api/blc/v1/scan?domain=www.assortedexplorations.com/outdoors&site_id=3043486 
Args:array (
  'headers' => 
  array (
    'Authorization' => '6c5d28a21ac882f91bab40502439a27449ec30b5',
  ),
  'body' => '[]',
) 
[9th April 2023 11:50 pm] Processing request with following params : 
URL: https://wpmudev.com/api/blc/v1/scan?domain=www.assortedexplorations.com/outdoors&site_id=3043486 
Args:array (
  'headers' => 
  array (
    'Authorization' => '6c5d28a21ac882f91bab40502439a27449ec30b5',
  ),
  'body' => '[]',
) 
[10th April 2023 12:00 am] Processing request with following params : 
URL: https://wpmudev.com/api/blc/v1/scan?domain=www.assortedexplorations.com/outdoors&site_id=3043486 
Args:array (
  'headers' => 
  array (
    'Authorization' => '6c5d28a21ac882f91bab40502439a27449ec30b5',
  ),
  'body' => '[]',
) 
[10th April 2023 11:00 pm] Processing request with following params : 
URL: https://wpmudev.com/api/blc/v1/scan?domain=www.assortedexplorations.com/outdoors&site_id=3043486 
Args:array (
  'headers' => 
  array (
    'Authorization' => '6c5d28a21ac882f91bab40502439a27449ec30b5',
  ),
  'body' => '[]',
) 
[10th April 2023 11:10 pm] Processing request with following params : 
URL: https://wpmudev.com/api/blc/v1/scan?domain=www.assortedexplorations.com/outdoors&site_id=3043486 
Args:array (
  'headers' => 
  array (
    'Authorization' => '6c5d28a21ac882f91bab40502439a27449ec30b5',
  ),
  'body' => '[]',
) 
[10th April 2023 11:20 pm] Processing request with following params : 
URL: https://wpmudev.com/api/blc/v1/scan?domain=www.assortedexplorations.com/outdoors&site_id=3043486 
Args:array (
  'headers' => 
  array (
    'Authorization' => '6c5d28a21ac882f91bab40502439a27449ec30b5',
  ),
  'body' => '[]',
) 
[10th April 2023 11:30 pm] Processing request with following params : 
URL: https://wpmudev.com/api/blc/v1/scan?domain=www.assortedexplorations.com/outdoors&site_id=3043486 
Args:array (
  'headers' => 
  array (
    'Authorization' => '6c5d28a21ac882f91bab40502439a27449ec30b5',
  ),
  'body' => '[]',
) 
[10th April 2023 11:40 pm] Processing request with following params : 
URL: https://wpmudev.com/api/blc/v1/scan?domain=www.assortedexplorations.com/outdoors&site_id=3043486 
Args:array (
  'headers' => 
  array (
    'Authorization' => '6c5d28a21ac882f91bab40502439a27449ec30b5',
  ),
  'body' => '[]',
) 
[10th April 2023 11:50 pm] Processing request with following params : 
URL: https://wpmudev.com/api/blc/v1/scan?domain=www.assortedexplorations.com/outdoors&site_id=3043486 
Args:array (
  'headers' => 
  array (
    'Authorization' => '6c5d28a21ac882f91bab40502439a27449ec30b5',
  ),
  'body' => '[]',
) 
[11th April 2023 12:00 am] Processing request with following params : 
URL: https://wpmudev.com/api/blc/v1/scan?domain=www.assortedexplorations.com/outdoors&site_id=3043486 
Args:array (
  'headers' => 
  array (
    'Authorization' => '6c5d28a21ac882f91bab40502439a27449ec30b5',
  ),
  'body' => '[]',
) 
[11th April 2023 11:00 pm] Processing request with following params : 
URL: https://wpmudev.com/api/blc/v1/scan?domain=www.assortedexplorations.com/outdoors&site_id=3043486 
Args:array (
  'headers' => 
  array (
    'Authorization' => '6c5d28a21ac882f91bab40502439a27449ec30b5',
  ),
  'body' => '[]',
) 
[11th April 2023 11:10 pm] Processing request with following params : 
URL: https://wpmudev.com/api/blc/v1/scan?domain=www.assortedexplorations.com/outdoors&site_id=3043486 
Args:array (
  'headers' => 
  array (
    'Authorization' => '6c5d28a21ac882f91bab40502439a27449ec30b5',
  ),
  'body' => '[]',
) 
[11th April 2023 11:20 pm] Processing request with following params : 
URL: https://wpmudev.com/api/blc/v1/scan?domain=www.assortedexplorations.com/outdoors&site_id=3043486 
Args:array (
  'headers' => 
  array (
    'Authorization' => '6c5d28a21ac882f91bab40502439a27449ec30b5',
  ),
  'body' => '[]',
) 
[11th April 2023 11:30 pm] Processing request with following params : 
URL: https://wpmudev.com/api/blc/v1/scan?domain=www.assortedexplorations.com/outdoors&site_id=3043486 
Args:array (
  'headers' => 
  array (
    'Authorization' => '6c5d28a21ac882f91bab40502439a27449ec30b5',
  ),
  'body' => '[]',
) 
[11th April 2023 11:40 pm] Processing request with following params : 
URL: https://wpmudev.com/api/blc/v1/scan?domain=www.assortedexplorations.com/outdoors&site_id=3043486 
Args:array (
  'headers' => 
  array (
    'Authorization' => '6c5d28a21ac882f91bab40502439a27449ec30b5',
  ),
  'body' => '[]',
) 
[11th April 2023 11:50 pm] Processing request with following params : 
URL: https://wpmudev.com/api/blc/v1/scan?domain=www.assortedexplorations.com/outdoors&site_id=3043486 
Args:array (
  'headers' => 
  array (
    'Authorization' => '6c5d28a21ac882f91bab40502439a27449ec30b5',
  ),
  'body' => '[]',
) 
[12th April 2023 12:00 am] Processing request with following params : 
URL: https://wpmudev.com/api/blc/v1/scan?domain=www.assortedexplorations.com/outdoors&site_id=3043486 
Args:array (
  'headers' => 
  array (
    'Authorization' => '6c5d28a21ac882f91bab40502439a27449ec30b5',
  ),
  'body' => '[]',
) 
[12th April 2023 11:00 pm] Processing request with following params : 
URL: https://wpmudev.com/api/blc/v1/scan?domain=www.assortedexplorations.com/outdoors&site_id=3043486 
Args:array (
  'headers' => 
  array (
    'Authorization' => '6c5d28a21ac882f91bab40502439a27449ec30b5',
  ),
  'body' => '[]',
) 
[12th April 2023 11:10 pm] Processing request with following params : 
URL: https://wpmudev.com/api/blc/v1/scan?domain=www.assortedexplorations.com/outdoors&site_id=3043486 
Args:array (
  'headers' => 
  array (
    'Authorization' => '6c5d28a21ac882f91bab40502439a27449ec30b5',
  ),
  'body' => '[]',
) 
[12th April 2023 11:20 pm] Processing request with following params : 
URL: https://wpmudev.com/api/blc/v1/scan?domain=www.assortedexplorations.com/outdoors&site_id=3043486 
Args:array (
  'headers' => 
  array (
    'Authorization' => '6c5d28a21ac882f91bab40502439a27449ec30b5',
  ),
  'body' => '[]',
) 
[12th April 2023 11:30 pm] Processing request with following params : 
URL: https://wpmudev.com/api/blc/v1/scan?domain=www.assortedexplorations.com/outdoors&site_id=3043486 
Args:array (
  'headers' => 
  array (
    'Authorization' => '6c5d28a21ac882f91bab40502439a27449ec30b5',
  ),
  'body' => '[]',
) 
[12th April 2023 11:40 pm] Processing request with following params : 
URL: https://wpmudev.com/api/blc/v1/scan?domain=www.assortedexplorations.com/outdoors&site_id=3043486 
Args:array (
  'headers' => 
  array (
    'Authorization' => '6c5d28a21ac882f91bab40502439a27449ec30b5',
  ),
  'body' => '[]',
) 
[12th April 2023 11:50 pm] Processing request with following params : 
URL: https://wpmudev.com/api/blc/v1/scan?domain=www.assortedexplorations.com/outdoors&site_id=3043486 
Args:array (
  'headers' => 
  array (
    'Authorization' => '6c5d28a21ac882f91bab40502439a27449ec30b5',
  ),
  'body' => '[]',
) 
[13th April 2023 12:00 am] Processing request with following params : 
URL: https://wpmudev.com/api/blc/v1/scan?domain=www.assortedexplorations.com/outdoors&site_id=3043486 
Args:array (
  'headers' => 
  array (
    'Authorization' => '6c5d28a21ac882f91bab40502439a27449ec30b5',
  ),
  'body' => '[]',
) 
[13th April 2023 11:00 pm] Processing request with following params : 
URL: https://wpmudev.com/api/blc/v1/scan?domain=www.assortedexplorations.com/outdoors&site_id=3043486 
Args:array (
  'headers' => 
  array (
    'Authorization' => '6c5d28a21ac882f91bab40502439a27449ec30b5',
  ),
  'body' => '[]',
) 
[13th April 2023 11:10 pm] Processing request with following params : 
URL: https://wpmudev.com/api/blc/v1/scan?domain=www.assortedexplorations.com/outdoors&site_id=3043486 
Args:array (
  'headers' => 
  array (
    'Authorization' => '6c5d28a21ac882f91bab40502439a27449ec30b5',
  ),
  'body' => '[]',
) 
[13th April 2023 11:20 pm] Processing request with following params : 
URL: https://wpmudev.com/api/blc/v1/scan?domain=www.assortedexplorations.com/outdoors&site_id=3043486 
Args:array (
  'headers' => 
  array (
    'Authorization' => '6c5d28a21ac882f91bab40502439a27449ec30b5',
  ),
  'body' => '[]',
) 
[13th April 2023 11:30 pm] Processing request with following params : 
URL: https://wpmudev.com/api/blc/v1/scan?domain=www.assortedexplorations.com/outdoors&site_id=3043486 
Args:array (
  'headers' => 
  array (
    'Authorization' => '6c5d28a21ac882f91bab40502439a27449ec30b5',
  ),
  'body' => '[]',
) 
[13th April 2023 11:40 pm] Processing request with following params : 
URL: https://wpmudev.com/api/blc/v1/scan?domain=www.assortedexplorations.com/outdoors&site_id=3043486 
Args:array (
  'headers' => 
  array (
    'Authorization' => '6c5d28a21ac882f91bab40502439a27449ec30b5',
  ),
  'body' => '[]',
) 
[13th April 2023 11:50 pm] Processing request with following params : 
URL: https://wpmudev.com/api/blc/v1/scan?domain=www.assortedexplorations.com/outdoors&site_id=3043486 
Args:array (
  'headers' => 
  array (
    'Authorization' => '6c5d28a21ac882f91bab40502439a27449ec30b5',
  ),
  'body' => '[]',
) 
[14th April 2023 12:00 am] Processing request with following params : 
URL: https://wpmudev.com/api/blc/v1/scan?domain=www.assortedexplorations.com/outdoors&site_id=3043486 
Args:array (
  'headers' => 
  array (
    'Authorization' => '6c5d28a21ac882f91bab40502439a27449ec30b5',
  ),
  'body' => '[]',
) 
[14th April 2023 11:00 pm] Processing request with following params : 
URL: https://wpmudev.com/api/blc/v1/scan?domain=www.assortedexplorations.com/outdoors&site_id=3043486 
Args:array (
  'headers' => 
  array (
    'Authorization' => '6c5d28a21ac882f91bab40502439a27449ec30b5',
  ),
  'body' => '[]',
) 
[14th April 2023 11:10 pm] Processing request with following params : 
URL: https://wpmudev.com/api/blc/v1/scan?domain=www.assortedexplorations.com/outdoors&site_id=3043486 
Args:array (
  'headers' => 
  array (
    'Authorization' => '6c5d28a21ac882f91bab40502439a27449ec30b5',
  ),
  'body' => '[]',
) 
[14th April 2023 11:20 pm] Processing request with following params : 
URL: https://wpmudev.com/api/blc/v1/scan?domain=www.assortedexplorations.com/outdoors&site_id=3043486 
Args:array (
  'headers' => 
  array (
    'Authorization' => '6c5d28a21ac882f91bab40502439a27449ec30b5',
  ),
  'body' => '[]',
) 
[14th April 2023 11:30 pm] Processing request with following params : 
URL: https://wpmudev.com/api/blc/v1/scan?domain=www.assortedexplorations.com/outdoors&site_id=3043486 
Args:array (
  'headers' => 
  array (
    'Authorization' => '6c5d28a21ac882f91bab40502439a27449ec30b5',
  ),
  'body' => '[]',
) 
[14th April 2023 11:40 pm] Processing request with following params : 
URL: https://wpmudev.com/api/blc/v1/scan?domain=www.assortedexplorations.com/outdoors&site_id=3043486 
Args:array (
  'headers' => 
  array (
    'Authorization' => '6c5d28a21ac882f91bab40502439a27449ec30b5',
  ),
  'body' => '[]',
) 
[14th April 2023 11:50 pm] Processing request with following params : 
URL: https://wpmudev.com/api/blc/v1/scan?domain=www.assortedexplorations.com/outdoors&site_id=3043486 
Args:array (
  'headers' => 
  array (
    'Authorization' => '6c5d28a21ac882f91bab40502439a27449ec30b5',
  ),
  'body' => '[]',
) 
[15th April 2023 12:00 am] Processing request with following params : 
URL: https://wpmudev.com/api/blc/v1/scan?domain=www.assortedexplorations.com/outdoors&site_id=3043486 
Args:array (
  'headers' => 
  array (
    'Authorization' => '6c5d28a21ac882f91bab40502439a27449ec30b5',
  ),
  'body' => '[]',
) 
[15th April 2023 11:00 pm] Processing request with following params : 
URL: https://wpmudev.com/api/blc/v1/scan?domain=www.assortedexplorations.com/outdoors&site_id=3043486 
Args:array (
  'headers' => 
  array (
    'Authorization' => '6c5d28a21ac882f91bab40502439a27449ec30b5',
  ),
  'body' => '[]',
) 
[15th April 2023 11:10 pm] Processing request with following params : 
URL: https://wpmudev.com/api/blc/v1/scan?domain=www.assortedexplorations.com/outdoors&site_id=3043486 
Args:array (
  'headers' => 
  array (
    'Authorization' => '6c5d28a21ac882f91bab40502439a27449ec30b5',
  ),
  'body' => '[]',
) 
[15th April 2023 11:20 pm] Processing request with following params : 
URL: https://wpmudev.com/api/blc/v1/scan?domain=www.assortedexplorations.com/outdoors&site_id=3043486 
Args:array (
  'headers' => 
  array (
    'Authorization' => '6c5d28a21ac882f91bab40502439a27449ec30b5',
  ),
  'body' => '[]',
) 
[15th April 2023 11:30 pm] Processing request with following params : 
URL: https://wpmudev.com/api/blc/v1/scan?domain=www.assortedexplorations.com/outdoors&site_id=3043486 
Args:array (
  'headers' => 
  array (
    'Authorization' => '6c5d28a21ac882f91bab40502439a27449ec30b5',
  ),
  'body' => '[]',
) 
[15th April 2023 11:40 pm] Processing request with following params : 
URL: https://wpmudev.com/api/blc/v1/scan?domain=www.assortedexplorations.com/outdoors&site_id=3043486 
Args:array (
  'headers' => 
  array (
    'Authorization' => '6c5d28a21ac882f91bab40502439a27449ec30b5',
  ),
  'body' => '[]',
) 
[15th April 2023 11:50 pm] Processing request with following params : 
URL: https://wpmudev.com/api/blc/v1/scan?domain=www.assortedexplorations.com/outdoors&site_id=3043486 
Args:array (
  'headers' => 
  array (
    'Authorization' => '6c5d28a21ac882f91bab40502439a27449ec30b5',
  ),
  'body' => '[]',
) 
[16th April 2023 12:00 am] Processing request with following params : 
URL: https://wpmudev.com/api/blc/v1/scan?domain=www.assortedexplorations.com/outdoors&site_id=3043486 
Args:array (
  'headers' => 
  array (
    'Authorization' => '6c5d28a21ac882f91bab40502439a27449ec30b5',
  ),
  'body' => '[]',
) 
[16th April 2023 11:00 pm] Processing request with following params : 
URL: https://wpmudev.com/api/blc/v1/scan?domain=www.assortedexplorations.com/outdoors&site_id=3043486 
Args:array (
  'headers' => 
  array (
    'Authorization' => '6c5d28a21ac882f91bab40502439a27449ec30b5',
  ),
  'body' => '[]',
) 
[16th April 2023 11:10 pm] Processing request with following params : 
URL: https://wpmudev.com/api/blc/v1/scan?domain=www.assortedexplorations.com/outdoors&site_id=3043486 
Args:array (
  'headers' => 
  array (
    'Authorization' => '6c5d28a21ac882f91bab40502439a27449ec30b5',
  ),
  'body' => '[]',
) 
[16th April 2023 11:20 pm] Processing request with following params : 
URL: https://wpmudev.com/api/blc/v1/scan?domain=www.assortedexplorations.com/outdoors&site_id=3043486 
Args:array (
  'headers' => 
  array (
    'Authorization' => '6c5d28a21ac882f91bab40502439a27449ec30b5',
  ),
  'body' => '[]',
) 
[16th April 2023 11:30 pm] Processing request with following params : 
URL: https://wpmudev.com/api/blc/v1/scan?domain=www.assortedexplorations.com/outdoors&site_id=3043486 
Args:array (
  'headers' => 
  array (
    'Authorization' => '6c5d28a21ac882f91bab40502439a27449ec30b5',
  ),
  'body' => '[]',
) 
[16th April 2023 11:40 pm] Processing request with following params : 
URL: https://wpmudev.com/api/blc/v1/scan?domain=www.assortedexplorations.com/outdoors&site_id=3043486 
Args:array (
  'headers' => 
  array (
    'Authorization' => '6c5d28a21ac882f91bab40502439a27449ec30b5',
  ),
  'body' => '[]',
) 
[16th April 2023 11:50 pm] Processing request with following params : 
URL: https://wpmudev.com/api/blc/v1/scan?domain=www.assortedexplorations.com/outdoors&site_id=3043486 
Args:array (
  'headers' => 
  array (
    'Authorization' => '6c5d28a21ac882f91bab40502439a27449ec30b5',
  ),
  'body' => '[]',
) 
[17th April 2023 12:00 am] Processing request with following params : 
URL: https://wpmudev.com/api/blc/v1/scan?domain=www.assortedexplorations.com/outdoors&site_id=3043486 
Args:array (
  'headers' => 
  array (
    'Authorization' => '6c5d28a21ac882f91bab40502439a27449ec30b5',
  ),
  'body' => '[]',
) 
[17th April 2023 11:00 pm] Processing request with following params : 
URL: https://wpmudev.com/api/blc/v1/scan?domain=www.assortedexplorations.com/outdoors&site_id=3043486 
Args:array (
  'headers' => 
  array (
    'Authorization' => '6c5d28a21ac882f91bab40502439a27449ec30b5',
  ),
  'body' => '[]',
) 
[17th April 2023 11:10 pm] Processing request with following params : 
URL: https://wpmudev.com/api/blc/v1/scan?domain=www.assortedexplorations.com/outdoors&site_id=3043486 
Args:array (
  'headers' => 
  array (
    'Authorization' => '6c5d28a21ac882f91bab40502439a27449ec30b5',
  ),
  'body' => '[]',
) 
[17th April 2023 11:20 pm] Processing request with following params : 
URL: https://wpmudev.com/api/blc/v1/scan?domain=www.assortedexplorations.com/outdoors&site_id=3043486 
Args:array (
  'headers' => 
  array (
    'Authorization' => '6c5d28a21ac882f91bab40502439a27449ec30b5',
  ),
  'body' => '[]',
) 
[17th April 2023 11:30 pm] Processing request with following params : 
URL: https://wpmudev.com/api/blc/v1/scan?domain=www.assortedexplorations.com/outdoors&site_id=3043486 
Args:array (
  'headers' => 
  array (
    'Authorization' => '6c5d28a21ac882f91bab40502439a27449ec30b5',
  ),
  'body' => '[]',
) 
[17th April 2023 11:40 pm] Processing request with following params : 
URL: https://wpmudev.com/api/blc/v1/scan?domain=www.assortedexplorations.com/outdoors&site_id=3043486 
Args:array (
  'headers' => 
  array (
    'Authorization' => '6c5d28a21ac882f91bab40502439a27449ec30b5',
  ),
  'body' => '[]',
) 
[17th April 2023 11:50 pm] Processing request with following params : 
URL: https://wpmudev.com/api/blc/v1/scan?domain=www.assortedexplorations.com/outdoors&site_id=3043486 
Args:array (
  'headers' => 
  array (
    'Authorization' => '6c5d28a21ac882f91bab40502439a27449ec30b5',
  ),
  'body' => '[]',
) 
[18th April 2023 12:00 am] Processing request with following params : 
URL: https://wpmudev.com/api/blc/v1/scan?domain=www.assortedexplorations.com/outdoors&site_id=3043486 
Args:array (
  'headers' => 
  array (
    'Authorization' => '6c5d28a21ac882f91bab40502439a27449ec30b5',
  ),
  'body' => '[]',
) 
[18th April 2023 11:00 pm] Processing request with following params : 
URL: https://wpmudev.com/api/blc/v1/scan?domain=www.assortedexplorations.com/outdoors&site_id=3043486 
Args:array (
  'headers' => 
  array (
    'Authorization' => '6c5d28a21ac882f91bab40502439a27449ec30b5',
  ),
  'body' => '[]',
) 
[18th April 2023 11:10 pm] Processing request with following params : 
URL: https://wpmudev.com/api/blc/v1/scan?domain=www.assortedexplorations.com/outdoors&site_id=3043486 
Args:array (
  'headers' => 
  array (
    'Authorization' => '6c5d28a21ac882f91bab40502439a27449ec30b5',
  ),
  'body' => '[]',
) 
[18th April 2023 11:20 pm] Processing request with following params : 
URL: https://wpmudev.com/api/blc/v1/scan?domain=www.assortedexplorations.com/outdoors&site_id=3043486 
Args:array (
  'headers' => 
  array (
    'Authorization' => '6c5d28a21ac882f91bab40502439a27449ec30b5',
  ),
  'body' => '[]',
) 
[18th April 2023 11:30 pm] Processing request with following params : 
URL: https://wpmudev.com/api/blc/v1/scan?domain=www.assortedexplorations.com/outdoors&site_id=3043486 
Args:array (
  'headers' => 
  array (
    'Authorization' => '6c5d28a21ac882f91bab40502439a27449ec30b5',
  ),
  'body' => '[]',
) 
[18th April 2023 11:40 pm] Processing request with following params : 
URL: https://wpmudev.com/api/blc/v1/scan?domain=www.assortedexplorations.com/outdoors&site_id=3043486 
Args:array (
  'headers' => 
  array (
    'Authorization' => '6c5d28a21ac882f91bab40502439a27449ec30b5',
  ),
  'body' => '[]',
) 
[18th April 2023 11:50 pm] Processing request with following params : 
URL: https://wpmudev.com/api/blc/v1/scan?domain=www.assortedexplorations.com/outdoors&site_id=3043486 
Args:array (
  'headers' => 
  array (
    'Authorization' => '6c5d28a21ac882f91bab40502439a27449ec30b5',
  ),
  'body' => '[]',
) 
[19th April 2023 12:00 am] Processing request with following params : 
URL: https://wpmudev.com/api/blc/v1/scan?domain=www.assortedexplorations.com/outdoors&site_id=3043486 
Args:array (
  'headers' => 
  array (
    'Authorization' => '6c5d28a21ac882f91bab40502439a27449ec30b5',
  ),
  'body' => '[]',
) 
[19th April 2023 11:00 pm] Processing request with following params : 
URL: https://wpmudev.com/api/blc/v1/scan?domain=www.assortedexplorations.com/outdoors&site_id=3043486 
Args:array (
  'headers' => 
  array (
    'Authorization' => '6c5d28a21ac882f91bab40502439a27449ec30b5',
  ),
  'body' => '[]',
) 
[19th April 2023 11:10 pm] Processing request with following params : 
URL: https://wpmudev.com/api/blc/v1/scan?domain=www.assortedexplorations.com/outdoors&site_id=3043486 
Args:array (
  'headers' => 
  array (
    'Authorization' => '6c5d28a21ac882f91bab40502439a27449ec30b5',
  ),
  'body' => '[]',
) 
[19th April 2023 11:20 pm] Processing request with following params : 
URL: https://wpmudev.com/api/blc/v1/scan?domain=www.assortedexplorations.com/outdoors&site_id=3043486 
Args:array (
  'headers' => 
  array (
    'Authorization' => '6c5d28a21ac882f91bab40502439a27449ec30b5',
  ),
  'body' => '[]',
) 
[19th April 2023 11:30 pm] Processing request with following params : 
URL: https://wpmudev.com/api/blc/v1/scan?domain=www.assortedexplorations.com/outdoors&site_id=3043486 
Args:array (
  'headers' => 
  array (
    'Authorization' => '6c5d28a21ac882f91bab40502439a27449ec30b5',
  ),
  'body' => '[]',
) 
[19th April 2023 11:40 pm] Processing request with following params : 
URL: https://wpmudev.com/api/blc/v1/scan?domain=www.assortedexplorations.com/outdoors&site_id=3043486 
Args:array (
  'headers' => 
  array (
    'Authorization' => '6c5d28a21ac882f91bab40502439a27449ec30b5',
  ),
  'body' => '[]',
) 
[19th April 2023 11:50 pm] Processing request with following params : 
URL: https://wpmudev.com/api/blc/v1/scan?domain=www.assortedexplorations.com/outdoors&site_id=3043486 
Args:array (
  'headers' => 
  array (
    'Authorization' => '6c5d28a21ac882f91bab40502439a27449ec30b5',
  ),
  'body' => '[]',
) 
[20th April 2023 12:00 am] Processing request with following params : 
URL: https://wpmudev.com/api/blc/v1/scan?domain=www.assortedexplorations.com/outdoors&site_id=3043486 
Args:array (
  'headers' => 
  array (
    'Authorization' => '6c5d28a21ac882f91bab40502439a27449ec30b5',
  ),
  'body' => '[]',
) 
[20th April 2023 11:00 pm] Processing request with following params : 
URL: https://wpmudev.com/api/blc/v1/scan?domain=www.assortedexplorations.com/outdoors&site_id=3043486 
Args:array (
  'headers' => 
  array (
    'Authorization' => '6c5d28a21ac882f91bab40502439a27449ec30b5',
  ),
  'body' => '[]',
) 
[20th April 2023 11:10 pm] Processing request with following params : 
URL: https://wpmudev.com/api/blc/v1/scan?domain=www.assortedexplorations.com/outdoors&site_id=3043486 
Args:array (
  'headers' => 
  array (
    'Authorization' => '6c5d28a21ac882f91bab40502439a27449ec30b5',
  ),
  'body' => '[]',
) 
[20th April 2023 11:20 pm] Processing request with following params : 
URL: https://wpmudev.com/api/blc/v1/scan?domain=www.assortedexplorations.com/outdoors&site_id=3043486 
Args:array (
  'headers' => 
  array (
    'Authorization' => '6c5d28a21ac882f91bab40502439a27449ec30b5',
  ),
  'body' => '[]',
) 
[20th April 2023 11:30 pm] Processing request with following params : 
URL: https://wpmudev.com/api/blc/v1/scan?domain=www.assortedexplorations.com/outdoors&site_id=3043486 
Args:array (
  'headers' => 
  array (
    'Authorization' => '6c5d28a21ac882f91bab40502439a27449ec30b5',
  ),
  'body' => '[]',
) 
[20th April 2023 11:40 pm] Processing request with following params : 
URL: https://wpmudev.com/api/blc/v1/scan?domain=www.assortedexplorations.com/outdoors&site_id=3043486 
Args:array (
  'headers' => 
  array (
    'Authorization' => '6c5d28a21ac882f91bab40502439a27449ec30b5',
  ),
  'body' => '[]',
) 
[20th April 2023 11:50 pm] Processing request with following params : 
URL: https://wpmudev.com/api/blc/v1/scan?domain=www.assortedexplorations.com/outdoors&site_id=3043486 
Args:array (
  'headers' => 
  array (
    'Authorization' => '6c5d28a21ac882f91bab40502439a27449ec30b5',
  ),
  'body' => '[]',
) 
[21st April 2023 12:00 am] Processing request with following params : 
URL: https://wpmudev.com/api/blc/v1/scan?domain=www.assortedexplorations.com/outdoors&site_id=3043486 
Args:array (
  'headers' => 
  array (
    'Authorization' => '6c5d28a21ac882f91bab40502439a27449ec30b5',
  ),
  'body' => '[]',
) 
[21st April 2023 11:00 pm] Processing request with following params : 
URL: https://wpmudev.com/api/blc/v1/scan?domain=www.assortedexplorations.com/outdoors&site_id=3043486 
Args:array (
  'headers' => 
  array (
    'Authorization' => '6c5d28a21ac882f91bab40502439a27449ec30b5',
  ),
  'body' => '[]',
) 
[21st April 2023 11:10 pm] Processing request with following params : 
URL: https://wpmudev.com/api/blc/v1/scan?domain=www.assortedexplorations.com/outdoors&site_id=3043486 
Args:array (
  'headers' => 
  array (
    'Authorization' => '6c5d28a21ac882f91bab40502439a27449ec30b5',
  ),
  'body' => '[]',
) 
[21st April 2023 11:20 pm] Processing request with following params : 
URL: https://wpmudev.com/api/blc/v1/scan?domain=www.assortedexplorations.com/outdoors&site_id=3043486 
Args:array (
  'headers' => 
  array (
    'Authorization' => '6c5d28a21ac882f91bab40502439a27449ec30b5',
  ),
  'body' => '[]',
) 
[21st April 2023 11:30 pm] Processing request with following params : 
URL: https://wpmudev.com/api/blc/v1/scan?domain=www.assortedexplorations.com/outdoors&site_id=3043486 
Args:array (
  'headers' => 
  array (
    'Authorization' => '6c5d28a21ac882f91bab40502439a27449ec30b5',
  ),
  'body' => '[]',
) 
[21st April 2023 11:40 pm] Processing request with following params : 
URL: https://wpmudev.com/api/blc/v1/scan?domain=www.assortedexplorations.com/outdoors&site_id=3043486 
Args:array (
  'headers' => 
  array (
    'Authorization' => '6c5d28a21ac882f91bab40502439a27449ec30b5',
  ),
  'body' => '[]',
) 
[21st April 2023 11:50 pm] Processing request with following params : 
URL: https://wpmudev.com/api/blc/v1/scan?domain=www.assortedexplorations.com/outdoors&site_id=3043486 
Args:array (
  'headers' => 
  array (
    'Authorization' => '6c5d28a21ac882f91bab40502439a27449ec30b5',
  ),
  'body' => '[]',
) 
[22nd April 2023 12:00 am] Processing request with following params : 
URL: https://wpmudev.com/api/blc/v1/scan?domain=www.assortedexplorations.com/outdoors&site_id=3043486 
Args:array (
  'headers' => 
  array (
    'Authorization' => '6c5d28a21ac882f91bab40502439a27449ec30b5',
  ),
  'body' => '[]',
) 
[22nd April 2023 11:00 pm] Processing request with following params : 
URL: https://wpmudev.com/api/blc/v1/scan?domain=www.assortedexplorations.com/outdoors&site_id=3043486 
Args:array (
  'headers' => 
  array (
    'Authorization' => '6c5d28a21ac882f91bab40502439a27449ec30b5',
  ),
  'body' => '[]',
) 
[22nd April 2023 11:10 pm] Processing request with following params : 
URL: https://wpmudev.com/api/blc/v1/scan?domain=www.assortedexplorations.com/outdoors&site_id=3043486 
Args:array (
  'headers' => 
  array (
    'Authorization' => '6c5d28a21ac882f91bab40502439a27449ec30b5',
  ),
  'body' => '[]',
) 
[22nd April 2023 11:20 pm] Processing request with following params : 
URL: https://wpmudev.com/api/blc/v1/scan?domain=www.assortedexplorations.com/outdoors&site_id=3043486 
Args:array (
  'headers' => 
  array (
    'Authorization' => '6c5d28a21ac882f91bab40502439a27449ec30b5',
  ),
  'body' => '[]',
) 
[22nd April 2023 11:30 pm] Processing request with following params : 
URL: https://wpmudev.com/api/blc/v1/scan?domain=www.assortedexplorations.com/outdoors&site_id=3043486 
Args:array (
  'headers' => 
  array (
    'Authorization' => '6c5d28a21ac882f91bab40502439a27449ec30b5',
  ),
  'body' => '[]',
) 
[22nd April 2023 11:40 pm] Processing request with following params : 
URL: https://wpmudev.com/api/blc/v1/scan?domain=www.assortedexplorations.com/outdoors&site_id=3043486 
Args:array (
  'headers' => 
  array (
    'Authorization' => '6c5d28a21ac882f91bab40502439a27449ec30b5',
  ),
  'body' => '[]',
) 
[22nd April 2023 11:50 pm] Processing request with following params : 
URL: https://wpmudev.com/api/blc/v1/scan?domain=www.assortedexplorations.com/outdoors&site_id=3043486 
Args:array (
  'headers' => 
  array (
    'Authorization' => '6c5d28a21ac882f91bab40502439a27449ec30b5',
  ),
  'body' => '[]',
) 
[23rd April 2023 12:00 am] Processing request with following params : 
URL: https://wpmudev.com/api/blc/v1/scan?domain=www.assortedexplorations.com/outdoors&site_id=3043486 
Args:array (
  'headers' => 
  array (
    'Authorization' => '6c5d28a21ac882f91bab40502439a27449ec30b5',
  ),
  'body' => '[]',
) 
[23rd April 2023 11:00 pm] Processing request with following params : 
URL: https://wpmudev.com/api/blc/v1/scan?domain=www.assortedexplorations.com/outdoors&site_id=3043486 
Args:array (
  'headers' => 
  array (
    'Authorization' => '6c5d28a21ac882f91bab40502439a27449ec30b5',
  ),
  'body' => '[]',
) 
[23rd April 2023 11:10 pm] Processing request with following params : 
URL: https://wpmudev.com/api/blc/v1/scan?domain=www.assortedexplorations.com/outdoors&site_id=3043486 
Args:array (
  'headers' => 
  array (
    'Authorization' => '6c5d28a21ac882f91bab40502439a27449ec30b5',
  ),
  'body' => '[]',
) 
[23rd April 2023 11:20 pm] Processing request with following params : 
URL: https://wpmudev.com/api/blc/v1/scan?domain=www.assortedexplorations.com/outdoors&site_id=3043486 
Args:array (
  'headers' => 
  array (
    'Authorization' => '6c5d28a21ac882f91bab40502439a27449ec30b5',
  ),
  'body' => '[]',
) 
[23rd April 2023 11:30 pm] Processing request with following params : 
URL: https://wpmudev.com/api/blc/v1/scan?domain=www.assortedexplorations.com/outdoors&site_id=3043486 
Args:array (
  'headers' => 
  array (
    'Authorization' => '6c5d28a21ac882f91bab40502439a27449ec30b5',
  ),
  'body' => '[]',
) 
[23rd April 2023 11:40 pm] Processing request with following params : 
URL: https://wpmudev.com/api/blc/v1/scan?domain=www.assortedexplorations.com/outdoors&site_id=3043486 
Args:array (
  'headers' => 
  array (
    'Authorization' => '6c5d28a21ac882f91bab40502439a27449ec30b5',
  ),
  'body' => '[]',
) 
[23rd April 2023 11:50 pm] Processing request with following params : 
URL: https://wpmudev.com/api/blc/v1/scan?domain=www.assortedexplorations.com/outdoors&site_id=3043486 
Args:array (
  'headers' => 
  array (
    'Authorization' => '6c5d28a21ac882f91bab40502439a27449ec30b5',
  ),
  'body' => '[]',
) 
[24th April 2023 12:00 am] Processing request with following params : 
URL: https://wpmudev.com/api/blc/v1/scan?domain=www.assortedexplorations.com/outdoors&site_id=3043486 
Args:array (
  'headers' => 
  array (
    'Authorization' => '6c5d28a21ac882f91bab40502439a27449ec30b5',
  ),
  'body' => '[]',
) 
[24th April 2023 11:00 pm] Processing request with following params : 
URL: https://wpmudev.com/api/blc/v1/scan?domain=www.assortedexplorations.com/outdoors&site_id=3043486 
Args:array (
  'headers' => 
  array (
    'Authorization' => '6c5d28a21ac882f91bab40502439a27449ec30b5',
  ),
  'body' => '[]',
) 
[24th April 2023 11:10 pm] Processing request with following params : 
URL: https://wpmudev.com/api/blc/v1/scan?domain=www.assortedexplorations.com/outdoors&site_id=3043486 
Args:array (
  'headers' => 
  array (
    'Authorization' => '6c5d28a21ac882f91bab40502439a27449ec30b5',
  ),
  'body' => '[]',
) 
[24th April 2023 11:20 pm] Processing request with following params : 
URL: https://wpmudev.com/api/blc/v1/scan?domain=www.assortedexplorations.com/outdoors&site_id=3043486 
Args:array (
  'headers' => 
  array (
    'Authorization' => '6c5d28a21ac882f91bab40502439a27449ec30b5',
  ),
  'body' => '[]',
) 
[24th April 2023 11:30 pm] Processing request with following params : 
URL: https://wpmudev.com/api/blc/v1/scan?domain=www.assortedexplorations.com/outdoors&site_id=3043486 
Args:array (
  'headers' => 
  array (
    'Authorization' => '6c5d28a21ac882f91bab40502439a27449ec30b5',
  ),
  'body' => '[]',
) 
[24th April 2023 11:40 pm] Processing request with following params : 
URL: https://wpmudev.com/api/blc/v1/scan?domain=www.assortedexplorations.com/outdoors&site_id=3043486 
Args:array (
  'headers' => 
  array (
    'Authorization' => '6c5d28a21ac882f91bab40502439a27449ec30b5',
  ),
  'body' => '[]',
) 
[24th April 2023 11:50 pm] Processing request with following params : 
URL: https://wpmudev.com/api/blc/v1/scan?domain=www.assortedexplorations.com/outdoors&site_id=3043486 
Args:array (
  'headers' => 
  array (
    'Authorization' => '6c5d28a21ac882f91bab40502439a27449ec30b5',
  ),
  'body' => '[]',
) 
[25th April 2023 12:00 am] Processing request with following params : 
URL: https://wpmudev.com/api/blc/v1/scan?domain=www.assortedexplorations.com/outdoors&site_id=3043486 
Args:array (
  'headers' => 
  array (
    'Authorization' => '6c5d28a21ac882f91bab40502439a27449ec30b5',
  ),
  'body' => '[]',
) 
[25th April 2023 11:00 pm] Processing request with following params : 
URL: https://wpmudev.com/api/blc/v1/scan?domain=www.assortedexplorations.com/outdoors&site_id=3043486 
Args:array (
  'headers' => 
  array (
    'Authorization' => '6c5d28a21ac882f91bab40502439a27449ec30b5',
  ),
  'body' => '[]',
) 
[25th April 2023 11:10 pm] Processing request with following params : 
URL: https://wpmudev.com/api/blc/v1/scan?domain=www.assortedexplorations.com/outdoors&site_id=3043486 
Args:array (
  'headers' => 
  array (
    'Authorization' => '6c5d28a21ac882f91bab40502439a27449ec30b5',
  ),
  'body' => '[]',
) 
[25th April 2023 11:20 pm] Processing request with following params : 
URL: https://wpmudev.com/api/blc/v1/scan?domain=www.assortedexplorations.com/outdoors&site_id=3043486 
Args:array (
  'headers' => 
  array (
    'Authorization' => '6c5d28a21ac882f91bab40502439a27449ec30b5',
  ),
  'body' => '[]',
) 
[25th April 2023 11:30 pm] Processing request with following params : 
URL: https://wpmudev.com/api/blc/v1/scan?domain=www.assortedexplorations.com/outdoors&site_id=3043486 
Args:array (
  'headers' => 
  array (
    'Authorization' => '6c5d28a21ac882f91bab40502439a27449ec30b5',
  ),
  'body' => '[]',
) 
[25th April 2023 11:40 pm] Processing request with following params : 
URL: https://wpmudev.com/api/blc/v1/scan?domain=www.assortedexplorations.com/outdoors&site_id=3043486 
Args:array (
  'headers' => 
  array (
    'Authorization' => '6c5d28a21ac882f91bab40502439a27449ec30b5',
  ),
  'body' => '[]',
) 
[25th April 2023 11:50 pm] Processing request with following params : 
URL: https://wpmudev.com/api/blc/v1/scan?domain=www.assortedexplorations.com/outdoors&site_id=3043486 
Args:array (
  'headers' => 
  array (
    'Authorization' => '6c5d28a21ac882f91bab40502439a27449ec30b5',
  ),
  'body' => '[]',
) 
[26th April 2023 12:00 am] Processing request with following params : 
URL: https://wpmudev.com/api/blc/v1/scan?domain=www.assortedexplorations.com/outdoors&site_id=3043486 
Args:array (
  'headers' => 
  array (
    'Authorization' => '6c5d28a21ac882f91bab40502439a27449ec30b5',
  ),
  'body' => '[]',
) 
[26th April 2023 11:00 pm] Processing request with following params : 
URL: https://wpmudev.com/api/blc/v1/scan?domain=www.assortedexplorations.com/outdoors&site_id=3043486 
Args:array (
  'headers' => 
  array (
    'Authorization' => '6c5d28a21ac882f91bab40502439a27449ec30b5',
  ),
  'body' => '[]',
) 
[26th April 2023 11:10 pm] Processing request with following params : 
URL: https://wpmudev.com/api/blc/v1/scan?domain=www.assortedexplorations.com/outdoors&site_id=3043486 
Args:array (
  'headers' => 
  array (
    'Authorization' => '6c5d28a21ac882f91bab40502439a27449ec30b5',
  ),
  'body' => '[]',
) 
[26th April 2023 11:20 pm] Processing request with following params : 
URL: https://wpmudev.com/api/blc/v1/scan?domain=www.assortedexplorations.com/outdoors&site_id=3043486 
Args:array (
  'headers' => 
  array (
    'Authorization' => '6c5d28a21ac882f91bab40502439a27449ec30b5',
  ),
  'body' => '[]',
) 
[26th April 2023 11:30 pm] Processing request with following params : 
URL: https://wpmudev.com/api/blc/v1/scan?domain=www.assortedexplorations.com/outdoors&site_id=3043486 
Args:array (
  'headers' => 
  array (
    'Authorization' => '6c5d28a21ac882f91bab40502439a27449ec30b5',
  ),
  'body' => '[]',
) 
[26th April 2023 11:40 pm] Processing request with following params : 
URL: https://wpmudev.com/api/blc/v1/scan?domain=www.assortedexplorations.com/outdoors&site_id=3043486 
Args:array (
  'headers' => 
  array (
    'Authorization' => '6c5d28a21ac882f91bab40502439a27449ec30b5',
  ),
  'body' => '[]',
) 
[26th April 2023 11:50 pm] Processing request with following params : 
URL: https://wpmudev.com/api/blc/v1/scan?domain=www.assortedexplorations.com/outdoors&site_id=3043486 
Args:array (
  'headers' => 
  array (
    'Authorization' => '6c5d28a21ac882f91bab40502439a27449ec30b5',
  ),
  'body' => '[]',
) 
[27th April 2023 12:00 am] Processing request with following params : 
URL: https://wpmudev.com/api/blc/v1/scan?domain=www.assortedexplorations.com/outdoors&site_id=3043486 
Args:array (
  'headers' => 
  array (
    'Authorization' => '6c5d28a21ac882f91bab40502439a27449ec30b5',
  ),
  'body' => '[]',
) 
[27th April 2023 11:00 pm] Processing request with following params : 
URL: https://wpmudev.com/api/blc/v1/scan?domain=www.assortedexplorations.com/outdoors&site_id=3043486 
Args:array (
  'headers' => 
  array (
    'Authorization' => '6c5d28a21ac882f91bab40502439a27449ec30b5',
  ),
  'body' => '[]',
) 
[27th April 2023 11:10 pm] Processing request with following params : 
URL: https://wpmudev.com/api/blc/v1/scan?domain=www.assortedexplorations.com/outdoors&site_id=3043486 
Args:array (
  'headers' => 
  array (
    'Authorization' => '6c5d28a21ac882f91bab40502439a27449ec30b5',
  ),
  'body' => '[]',
) 
[27th April 2023 11:20 pm] Processing request with following params : 
URL: https://wpmudev.com/api/blc/v1/scan?domain=www.assortedexplorations.com/outdoors&site_id=3043486 
Args:array (
  'headers' => 
  array (
    'Authorization' => '6c5d28a21ac882f91bab40502439a27449ec30b5',
  ),
  'body' => '[]',
) 
[27th April 2023 11:30 pm] Processing request with following params : 
URL: https://wpmudev.com/api/blc/v1/scan?domain=www.assortedexplorations.com/outdoors&site_id=3043486 
Args:array (
  'headers' => 
  array (
    'Authorization' => '6c5d28a21ac882f91bab40502439a27449ec30b5',
  ),
  'body' => '[]',
) 
[27th April 2023 11:40 pm] Processing request with following params : 
URL: https://wpmudev.com/api/blc/v1/scan?domain=www.assortedexplorations.com/outdoors&site_id=3043486 
Args:array (
  'headers' => 
  array (
    'Authorization' => '6c5d28a21ac882f91bab40502439a27449ec30b5',
  ),
  'body' => '[]',
) 
[27th April 2023 11:50 pm] Processing request with following params : 
URL: https://wpmudev.com/api/blc/v1/scan?domain=www.assortedexplorations.com/outdoors&site_id=3043486 
Args:array (
  'headers' => 
  array (
    'Authorization' => '6c5d28a21ac882f91bab40502439a27449ec30b5',
  ),
  'body' => '[]',
) 
[28th April 2023 12:00 am] Processing request with following params : 
URL: https://wpmudev.com/api/blc/v1/scan?domain=www.assortedexplorations.com/outdoors&site_id=3043486 
Args:array (
  'headers' => 
  array (
    'Authorization' => '6c5d28a21ac882f91bab40502439a27449ec30b5',
  ),
  'body' => '[]',
) 
[28th April 2023 11:00 pm] Processing request with following params : 
URL: https://wpmudev.com/api/blc/v1/scan?domain=www.assortedexplorations.com/outdoors&site_id=3043486 
Args:array (
  'headers' => 
  array (
    'Authorization' => '6c5d28a21ac882f91bab40502439a27449ec30b5',
  ),
  'body' => '[]',
) 
[28th April 2023 11:10 pm] Processing request with following params : 
URL: https://wpmudev.com/api/blc/v1/scan?domain=www.assortedexplorations.com/outdoors&site_id=3043486 
Args:array (
  'headers' => 
  array (
    'Authorization' => '6c5d28a21ac882f91bab40502439a27449ec30b5',
  ),
  'body' => '[]',
) 
[28th April 2023 11:20 pm] Processing request with following params : 
URL: https://wpmudev.com/api/blc/v1/scan?domain=www.assortedexplorations.com/outdoors&site_id=3043486 
Args:array (
  'headers' => 
  array (
    'Authorization' => '6c5d28a21ac882f91bab40502439a27449ec30b5',
  ),
  'body' => '[]',
) 
[28th April 2023 11:30 pm] Processing request with following params : 
URL: https://wpmudev.com/api/blc/v1/scan?domain=www.assortedexplorations.com/outdoors&site_id=3043486 
Args:array (
  'headers' => 
  array (
    'Authorization' => '6c5d28a21ac882f91bab40502439a27449ec30b5',
  ),
  'body' => '[]',
) 
[28th April 2023 11:40 pm] Processing request with following params : 
URL: https://wpmudev.com/api/blc/v1/scan?domain=www.assortedexplorations.com/outdoors&site_id=3043486 
Args:array (
  'headers' => 
  array (
    'Authorization' => '6c5d28a21ac882f91bab40502439a27449ec30b5',
  ),
  'body' => '[]',
) 
[28th April 2023 11:50 pm] Processing request with following params : 
URL: https://wpmudev.com/api/blc/v1/scan?domain=www.assortedexplorations.com/outdoors&site_id=3043486 
Args:array (
  'headers' => 
  array (
    'Authorization' => '6c5d28a21ac882f91bab40502439a27449ec30b5',
  ),
  'body' => '[]',
) 
[29th April 2023 12:00 am] Processing request with following params : 
URL: https://wpmudev.com/api/blc/v1/scan?domain=www.assortedexplorations.com/outdoors&site_id=3043486 
Args:array (
  'headers' => 
  array (
    'Authorization' => '6c5d28a21ac882f91bab40502439a27449ec30b5',
  ),
  'body' => '[]',
) 
[29th April 2023 11:00 pm] Processing request with following params : 
URL: https://wpmudev.com/api/blc/v1/scan?domain=www.assortedexplorations.com/outdoors&site_id=3043486 
Args:array (
  'headers' => 
  array (
    'Authorization' => '6c5d28a21ac882f91bab40502439a27449ec30b5',
  ),
  'body' => '[]',
) 
[29th April 2023 11:10 pm] Processing request with following params : 
URL: https://wpmudev.com/api/blc/v1/scan?domain=www.assortedexplorations.com/outdoors&site_id=3043486 
Args:array (
  'headers' => 
  array (
    'Authorization' => '6c5d28a21ac882f91bab40502439a27449ec30b5',
  ),
  'body' => '[]',
) 
[29th April 2023 11:20 pm] Processing request with following params : 
URL: https://wpmudev.com/api/blc/v1/scan?domain=www.assortedexplorations.com/outdoors&site_id=3043486 
Args:array (
  'headers' => 
  array (
    'Authorization' => '6c5d28a21ac882f91bab40502439a27449ec30b5',
  ),
  'body' => '[]',
) 
[29th April 2023 11:30 pm] Processing request with following params : 
URL: https://wpmudev.com/api/blc/v1/scan?domain=www.assortedexplorations.com/outdoors&site_id=3043486 
Args:array (
  'headers' => 
  array (
    'Authorization' => '6c5d28a21ac882f91bab40502439a27449ec30b5',
  ),
  'body' => '[]',
) 
[29th April 2023 11:40 pm] Processing request with following params : 
URL: https://wpmudev.com/api/blc/v1/scan?domain=www.assortedexplorations.com/outdoors&site_id=3043486 
Args:array (
  'headers' => 
  array (
    'Authorization' => '6c5d28a21ac882f91bab40502439a27449ec30b5',
  ),
  'body' => '[]',
) 
[29th April 2023 11:50 pm] Processing request with following params : 
URL: https://wpmudev.com/api/blc/v1/scan?domain=www.assortedexplorations.com/outdoors&site_id=3043486 
Args:array (
  'headers' => 
  array (
    'Authorization' => '6c5d28a21ac882f91bab40502439a27449ec30b5',
  ),
  'body' => '[]',
) 
[30th April 2023 12:00 am] Processing request with following params : 
URL: https://wpmudev.com/api/blc/v1/scan?domain=www.assortedexplorations.com/outdoors&site_id=3043486 
Args:array (
  'headers' => 
  array (
    'Authorization' => '6c5d28a21ac882f91bab40502439a27449ec30b5',
  ),
  'body' => '[]',
) 
[30th April 2023 11:00 pm] Processing request with following params : 
URL: https://wpmudev.com/api/blc/v1/scan?domain=www.assortedexplorations.com/outdoors&site_id=3043486 
Args:array (
  'headers' => 
  array (
    'Authorization' => '6c5d28a21ac882f91bab40502439a27449ec30b5',
  ),
  'body' => '[]',
) 
[30th April 2023 11:10 pm] Processing request with following params : 
URL: https://wpmudev.com/api/blc/v1/scan?domain=www.assortedexplorations.com/outdoors&site_id=3043486 
Args:array (
  'headers' => 
  array (
    'Authorization' => '6c5d28a21ac882f91bab40502439a27449ec30b5',
  ),
  'body' => '[]',
) 
[30th April 2023 11:20 pm] Processing request with following params : 
URL: https://wpmudev.com/api/blc/v1/scan?domain=www.assortedexplorations.com/outdoors&site_id=3043486 
Args:array (
  'headers' => 
  array (
    'Authorization' => '6c5d28a21ac882f91bab40502439a27449ec30b5',
  ),
  'body' => '[]',
) 
[30th April 2023 11:30 pm] Processing request with following params : 
URL: https://wpmudev.com/api/blc/v1/scan?domain=www.assortedexplorations.com/outdoors&site_id=3043486 
Args:array (
  'headers' => 
  array (
    'Authorization' => '6c5d28a21ac882f91bab40502439a27449ec30b5',
  ),
  'body' => '[]',
) 
[30th April 2023 11:40 pm] Processing request with following params : 
URL: https://wpmudev.com/api/blc/v1/scan?domain=www.assortedexplorations.com/outdoors&site_id=3043486 
Args:array (
  'headers' => 
  array (
    'Authorization' => '6c5d28a21ac882f91bab40502439a27449ec30b5',
  ),
  'body' => '[]',
) 
[30th April 2023 11:50 pm] Processing request with following params : 
URL: https://wpmudev.com/api/blc/v1/scan?domain=www.assortedexplorations.com/outdoors&site_id=3043486 
Args:array (
  'headers' => 
  array (
    'Authorization' => '6c5d28a21ac882f91bab40502439a27449ec30b5',
  ),
  'body' => '[]',
) 
